<?xml version="1.0" encoding="UTF-8"?>
<testsuite xmlns:xsi="http://www.w3.org/2001/XMLSchema-instance" xsi:noNamespaceSchemaLocation="https://maven.apache.org/surefire/maven-surefire-plugin/xsd/surefire-test-report-3.0.xsd" version="3.0" name="TestSuite" time="199.418" tests="2" errors="0" skipped="0" failures="2">
  <properties>
    <property name="java.specification.version" value="13"/>
    <property name="webdriver.chrome.driver" value="/Users/primalvincent/Downloads/E2EProject/src/main/java/resources/chromedriver"/>
    <property name="sun.jnu.encoding" value="UTF-8"/>
    <property name="java.class.path" value="/Users/primalvincent/Downloads/E2EProject/target/test-classes:/Users/primalvincent/Downloads/E2EProject/target/classes:/Users/primalvincent/.m2/repository/junit/junit/3.8.1/junit-3.8.1.jar:/Users/primalvincent/.m2/repository/org/seleniumhq/selenium/selenium-java/3.141.59/selenium-java-3.141.59.jar:/Users/primalvincent/.m2/repository/org/seleniumhq/selenium/selenium-api/3.141.59/selenium-api-3.141.59.jar:/Users/primalvincent/.m2/repository/org/seleniumhq/selenium/selenium-chrome-driver/3.141.59/selenium-chrome-driver-3.141.59.jar:/Users/primalvincent/.m2/repository/org/seleniumhq/selenium/selenium-edge-driver/3.141.59/selenium-edge-driver-3.141.59.jar:/Users/primalvincent/.m2/repository/org/seleniumhq/selenium/selenium-firefox-driver/3.141.59/selenium-firefox-driver-3.141.59.jar:/Users/primalvincent/.m2/repository/org/seleniumhq/selenium/selenium-ie-driver/3.141.59/selenium-ie-driver-3.141.59.jar:/Users/primalvincent/.m2/repository/org/seleniumhq/selenium/selenium-opera-driver/3.141.59/selenium-opera-driver-3.141.59.jar:/Users/primalvincent/.m2/repository/org/seleniumhq/selenium/selenium-remote-driver/3.141.59/selenium-remote-driver-3.141.59.jar:/Users/primalvincent/.m2/repository/org/seleniumhq/selenium/selenium-safari-driver/3.141.59/selenium-safari-driver-3.141.59.jar:/Users/primalvincent/.m2/repository/org/seleniumhq/selenium/selenium-support/3.141.59/selenium-support-3.141.59.jar:/Users/primalvincent/.m2/repository/net/bytebuddy/byte-buddy/1.8.15/byte-buddy-1.8.15.jar:/Users/primalvincent/.m2/repository/org/apache/commons/commons-exec/1.3/commons-exec-1.3.jar:/Users/primalvincent/.m2/repository/com/google/guava/guava/25.0-jre/guava-25.0-jre.jar:/Users/primalvincent/.m2/repository/com/google/code/findbugs/jsr305/1.3.9/jsr305-1.3.9.jar:/Users/primalvincent/.m2/repository/org/checkerframework/checker-compat-qual/2.0.0/checker-compat-qual-2.0.0.jar:/Users/primalvincent/.m2/repository/com/google/errorprone/error_prone_annotations/2.1.3/error_prone_annotations-2.1.3.jar:/Users/primalvincent/.m2/repository/com/google/j2objc/j2objc-annotations/1.1/j2objc-annotations-1.1.jar:/Users/primalvincent/.m2/repository/org/codehaus/mojo/animal-sniffer-annotations/1.14/animal-sniffer-annotations-1.14.jar:/Users/primalvincent/.m2/repository/com/squareup/okhttp3/okhttp/3.11.0/okhttp-3.11.0.jar:/Users/primalvincent/.m2/repository/com/squareup/okio/okio/1.14.0/okio-1.14.0.jar:/Users/primalvincent/.m2/repository/commons-io/commons-io/2.6/commons-io-2.6.jar:/Users/primalvincent/.m2/repository/com/aventstack/extentreports/4.1.4/extentreports-4.1.4.jar:/Users/primalvincent/.m2/repository/org/freemarker/freemarker/2.3.29/freemarker-2.3.29.jar:/Users/primalvincent/.m2/repository/org/apache/httpcomponents/httpclient/4.5.2/httpclient-4.5.2.jar:/Users/primalvincent/.m2/repository/org/apache/httpcomponents/httpcore/4.4.4/httpcore-4.4.4.jar:/Users/primalvincent/.m2/repository/commons-logging/commons-logging/1.2/commons-logging-1.2.jar:/Users/primalvincent/.m2/repository/org/apache/httpcomponents/httpmime/4.5.2/httpmime-4.5.2.jar:/Users/primalvincent/.m2/repository/com/google/code/gson/gson/2.8.6/gson-2.8.6.jar:/Users/primalvincent/.m2/repository/org/mongodb/mongodb-driver/3.12.0/mongodb-driver-3.12.0.jar:/Users/primalvincent/.m2/repository/org/mongodb/mongodb-driver-core/3.12.0/mongodb-driver-core-3.12.0.jar:/Users/primalvincent/.m2/repository/org/mongodb/bson/3.12.0/bson-3.12.0.jar:/Users/primalvincent/.m2/repository/org/testng/testng/7.4.0/testng-7.4.0.jar:/Users/primalvincent/.m2/repository/com/beust/jcommander/1.78/jcommander-1.78.jar:/Users/primalvincent/.m2/repository/org/webjars/jquery/3.5.1/jquery-3.5.1.jar:/Users/primalvincent/.m2/repository/org/apache/poi/poi/5.0.0/poi-5.0.0.jar:/Users/primalvincent/.m2/repository/org/slf4j/slf4j-api/1.7.30/slf4j-api-1.7.30.jar:/Users/primalvincent/.m2/repository/org/slf4j/jcl-over-slf4j/1.7.30/jcl-over-slf4j-1.7.30.jar:/Users/primalvincent/.m2/repository/commons-codec/commons-codec/1.15/commons-codec-1.15.jar:/Users/primalvincent/.m2/repository/org/apache/commons/commons-collections4/4.4/commons-collections4-4.4.jar:/Users/primalvincent/.m2/repository/org/apache/commons/commons-math3/3.6.1/commons-math3-3.6.1.jar:/Users/primalvincent/.m2/repository/com/zaxxer/SparseBitSet/1.2/SparseBitSet-1.2.jar:/Users/primalvincent/.m2/repository/org/apache/poi/poi-ooxml/5.0.0/poi-ooxml-5.0.0.jar:/Users/primalvincent/.m2/repository/org/apache/poi/poi-ooxml-lite/5.0.0/poi-ooxml-lite-5.0.0.jar:/Users/primalvincent/.m2/repository/org/apache/xmlbeans/xmlbeans/4.0.0/xmlbeans-4.0.0.jar:/Users/primalvincent/.m2/repository/org/apache/commons/commons-compress/1.20/commons-compress-1.20.jar:/Users/primalvincent/.m2/repository/com/github/virtuald/curvesapi/1.06/curvesapi-1.06.jar:/Users/primalvincent/.m2/repository/org/bouncycastle/bcpkix-jdk15on/1.68/bcpkix-jdk15on-1.68.jar:/Users/primalvincent/.m2/repository/org/bouncycastle/bcprov-jdk15on/1.68/bcprov-jdk15on-1.68.jar:/Users/primalvincent/.m2/repository/org/apache/santuario/xmlsec/2.2.1/xmlsec-2.2.1.jar:/Users/primalvincent/.m2/repository/com/fasterxml/woodstox/woodstox-core/5.2.1/woodstox-core-5.2.1.jar:/Users/primalvincent/.m2/repository/org/codehaus/woodstox/stax2-api/4.2/stax2-api-4.2.jar:/Users/primalvincent/.m2/repository/jakarta/xml/bind/jakarta.xml.bind-api/2.3.2/jakarta.xml.bind-api-2.3.2.jar:/Users/primalvincent/.m2/repository/jakarta/activation/jakarta.activation-api/1.2.1/jakarta.activation-api-1.2.1.jar:/Users/primalvincent/.m2/repository/org/apache/xmlgraphics/batik-all/1.13/batik-all-1.13.jar:/Users/primalvincent/.m2/repository/org/apache/xmlgraphics/batik-anim/1.13/batik-anim-1.13.jar:/Users/primalvincent/.m2/repository/org/apache/xmlgraphics/batik-shared-resources/1.13/batik-shared-resources-1.13.jar:/Users/primalvincent/.m2/repository/xml-apis/xml-apis-ext/1.3.04/xml-apis-ext-1.3.04.jar:/Users/primalvincent/.m2/repository/org/apache/xmlgraphics/batik-awt-util/1.13/batik-awt-util-1.13.jar:/Users/primalvincent/.m2/repository/org/apache/xmlgraphics/xmlgraphics-commons/2.4/xmlgraphics-commons-2.4.jar:/Users/primalvincent/.m2/repository/org/apache/xmlgraphics/batik-bridge/1.13/batik-bridge-1.13.jar:/Users/primalvincent/.m2/repository/org/apache/xmlgraphics/batik-codec/1.13/batik-codec-1.13.jar:/Users/primalvincent/.m2/repository/org/apache/xmlgraphics/batik-constants/1.13/batik-constants-1.13.jar:/Users/primalvincent/.m2/repository/org/apache/xmlgraphics/batik-css/1.13/batik-css-1.13.jar:/Users/primalvincent/.m2/repository/org/apache/xmlgraphics/batik-dom/1.13/batik-dom-1.13.jar:/Users/primalvincent/.m2/repository/xalan/xalan/2.7.2/xalan-2.7.2.jar:/Users/primalvincent/.m2/repository/xalan/serializer/2.7.2/serializer-2.7.2.jar:/Users/primalvincent/.m2/repository/xml-apis/xml-apis/1.4.01/xml-apis-1.4.01.jar:/Users/primalvincent/.m2/repository/org/apache/xmlgraphics/batik-ext/1.13/batik-ext-1.13.jar:/Users/primalvincent/.m2/repository/org/apache/xmlgraphics/batik-extension/1.13/batik-extension-1.13.jar:/Users/primalvincent/.m2/repository/org/apache/xmlgraphics/batik-gui-util/1.13/batik-gui-util-1.13.jar:/Users/primalvincent/.m2/repository/org/apache/xmlgraphics/batik-gvt/1.13/batik-gvt-1.13.jar:/Users/primalvincent/.m2/repository/org/apache/xmlgraphics/batik-i18n/1.13/batik-i18n-1.13.jar:/Users/primalvincent/.m2/repository/org/apache/xmlgraphics/batik-parser/1.13/batik-parser-1.13.jar:/Users/primalvincent/.m2/repository/org/apache/xmlgraphics/batik-rasterizer-ext/1.13/batik-rasterizer-ext-1.13.jar:/Users/primalvincent/.m2/repository/org/apache/xmlgraphics/batik-rasterizer/1.13/batik-rasterizer-1.13.jar:/Users/primalvincent/.m2/repository/org/apache/xmlgraphics/batik-script/1.13/batik-script-1.13.jar:/Users/primalvincent/.m2/repository/org/apache/xmlgraphics/batik-slideshow/1.13/batik-slideshow-1.13.jar:/Users/primalvincent/.m2/repository/org/apache/xmlgraphics/batik-squiggle-ext/1.13/batik-squiggle-ext-1.13.jar:/Users/primalvincent/.m2/repository/org/apache/xmlgraphics/batik-squiggle/1.13/batik-squiggle-1.13.jar:/Users/primalvincent/.m2/repository/org/apache/xmlgraphics/batik-svg-dom/1.13/batik-svg-dom-1.13.jar:/Users/primalvincent/.m2/repository/org/apache/xmlgraphics/batik-svgbrowser/1.13/batik-svgbrowser-1.13.jar:/Users/primalvincent/.m2/repository/org/apache/xmlgraphics/batik-svggen/1.13/batik-svggen-1.13.jar:/Users/primalvincent/.m2/repository/org/apache/xmlgraphics/batik-svgpp/1.13/batik-svgpp-1.13.jar:/Users/primalvincent/.m2/repository/org/apache/xmlgraphics/batik-svgrasterizer/1.13/batik-svgrasterizer-1.13.jar:/Users/primalvincent/.m2/repository/org/apache/xmlgraphics/batik-swing/1.13/batik-swing-1.13.jar:/Users/primalvincent/.m2/repository/org/apache/xmlgraphics/batik-transcoder/1.13/batik-transcoder-1.13.jar:/Users/primalvincent/.m2/repository/org/apache/xmlgraphics/batik-util/1.13/batik-util-1.13.jar:/Users/primalvincent/.m2/repository/org/apache/xmlgraphics/batik-ttf2svg/1.13/batik-ttf2svg-1.13.jar:/Users/primalvincent/.m2/repository/org/apache/xmlgraphics/batik-xml/1.13/batik-xml-1.13.jar:/Users/primalvincent/.m2/repository/de/rototor/pdfbox/graphics2d/0.30/graphics2d-0.30.jar:/Users/primalvincent/.m2/repository/org/apache/pdfbox/pdfbox/2.0.22/pdfbox-2.0.22.jar:/Users/primalvincent/.m2/repository/org/apache/pdfbox/fontbox/2.0.22/fontbox-2.0.22.jar:/Users/primalvincent/.m2/repository/org/apache/logging/log4j/log4j-api/2.8.2/log4j-api-2.8.2.jar:/Users/primalvincent/.m2/repository/org/apache/logging/log4j/log4j-core/2.8.2/log4j-core-2.8.2.jar:"/>
    <property name="java.vm.vendor" value="Oracle Corporation"/>
    <property name="sun.arch.data.model" value="64"/>
    <property name="java.vendor.url" value="https://java.oracle.com/"/>
    <property name="user.timezone" value="America/Phoenix"/>
    <property name="os.name" value="Mac OS X"/>
    <property name="java.vm.specification.version" value="13"/>
    <property name="sun.java.launcher" value="SUN_STANDARD"/>
    <property name="user.country" value="GB"/>
    <property name="sun.boot.library.path" value="/Library/Java/JavaVirtualMachines/jdk-13.0.2.jdk/Contents/Home/lib"/>
    <property name="sun.java.command" value="/Users/primalvincent/Downloads/E2EProject/target/surefire/surefirebooter17328360234433035477.jar /Users/primalvincent/Downloads/E2EProject/target/surefire 2021-04-22T09-55-58_271-jvmRun1 surefire15250301270855319414tmp surefire_013040303164614907961tmp"/>
    <property name="http.nonProxyHosts" value="local|*.local|169.254/16|*.169.254/16"/>
    <property name="jdk.debug" value="release"/>
    <property name="surefire.test.class.path" value="/Users/primalvincent/Downloads/E2EProject/target/test-classes:/Users/primalvincent/Downloads/E2EProject/target/classes:/Users/primalvincent/.m2/repository/junit/junit/3.8.1/junit-3.8.1.jar:/Users/primalvincent/.m2/repository/org/seleniumhq/selenium/selenium-java/3.141.59/selenium-java-3.141.59.jar:/Users/primalvincent/.m2/repository/org/seleniumhq/selenium/selenium-api/3.141.59/selenium-api-3.141.59.jar:/Users/primalvincent/.m2/repository/org/seleniumhq/selenium/selenium-chrome-driver/3.141.59/selenium-chrome-driver-3.141.59.jar:/Users/primalvincent/.m2/repository/org/seleniumhq/selenium/selenium-edge-driver/3.141.59/selenium-edge-driver-3.141.59.jar:/Users/primalvincent/.m2/repository/org/seleniumhq/selenium/selenium-firefox-driver/3.141.59/selenium-firefox-driver-3.141.59.jar:/Users/primalvincent/.m2/repository/org/seleniumhq/selenium/selenium-ie-driver/3.141.59/selenium-ie-driver-3.141.59.jar:/Users/primalvincent/.m2/repository/org/seleniumhq/selenium/selenium-opera-driver/3.141.59/selenium-opera-driver-3.141.59.jar:/Users/primalvincent/.m2/repository/org/seleniumhq/selenium/selenium-remote-driver/3.141.59/selenium-remote-driver-3.141.59.jar:/Users/primalvincent/.m2/repository/org/seleniumhq/selenium/selenium-safari-driver/3.141.59/selenium-safari-driver-3.141.59.jar:/Users/primalvincent/.m2/repository/org/seleniumhq/selenium/selenium-support/3.141.59/selenium-support-3.141.59.jar:/Users/primalvincent/.m2/repository/net/bytebuddy/byte-buddy/1.8.15/byte-buddy-1.8.15.jar:/Users/primalvincent/.m2/repository/org/apache/commons/commons-exec/1.3/commons-exec-1.3.jar:/Users/primalvincent/.m2/repository/com/google/guava/guava/25.0-jre/guava-25.0-jre.jar:/Users/primalvincent/.m2/repository/com/google/code/findbugs/jsr305/1.3.9/jsr305-1.3.9.jar:/Users/primalvincent/.m2/repository/org/checkerframework/checker-compat-qual/2.0.0/checker-compat-qual-2.0.0.jar:/Users/primalvincent/.m2/repository/com/google/errorprone/error_prone_annotations/2.1.3/error_prone_annotations-2.1.3.jar:/Users/primalvincent/.m2/repository/com/google/j2objc/j2objc-annotations/1.1/j2objc-annotations-1.1.jar:/Users/primalvincent/.m2/repository/org/codehaus/mojo/animal-sniffer-annotations/1.14/animal-sniffer-annotations-1.14.jar:/Users/primalvincent/.m2/repository/com/squareup/okhttp3/okhttp/3.11.0/okhttp-3.11.0.jar:/Users/primalvincent/.m2/repository/com/squareup/okio/okio/1.14.0/okio-1.14.0.jar:/Users/primalvincent/.m2/repository/commons-io/commons-io/2.6/commons-io-2.6.jar:/Users/primalvincent/.m2/repository/com/aventstack/extentreports/4.1.4/extentreports-4.1.4.jar:/Users/primalvincent/.m2/repository/org/freemarker/freemarker/2.3.29/freemarker-2.3.29.jar:/Users/primalvincent/.m2/repository/org/apache/httpcomponents/httpclient/4.5.2/httpclient-4.5.2.jar:/Users/primalvincent/.m2/repository/org/apache/httpcomponents/httpcore/4.4.4/httpcore-4.4.4.jar:/Users/primalvincent/.m2/repository/commons-logging/commons-logging/1.2/commons-logging-1.2.jar:/Users/primalvincent/.m2/repository/org/apache/httpcomponents/httpmime/4.5.2/httpmime-4.5.2.jar:/Users/primalvincent/.m2/repository/com/google/code/gson/gson/2.8.6/gson-2.8.6.jar:/Users/primalvincent/.m2/repository/org/mongodb/mongodb-driver/3.12.0/mongodb-driver-3.12.0.jar:/Users/primalvincent/.m2/repository/org/mongodb/mongodb-driver-core/3.12.0/mongodb-driver-core-3.12.0.jar:/Users/primalvincent/.m2/repository/org/mongodb/bson/3.12.0/bson-3.12.0.jar:/Users/primalvincent/.m2/repository/org/testng/testng/7.4.0/testng-7.4.0.jar:/Users/primalvincent/.m2/repository/com/beust/jcommander/1.78/jcommander-1.78.jar:/Users/primalvincent/.m2/repository/org/webjars/jquery/3.5.1/jquery-3.5.1.jar:/Users/primalvincent/.m2/repository/org/apache/poi/poi/5.0.0/poi-5.0.0.jar:/Users/primalvincent/.m2/repository/org/slf4j/slf4j-api/1.7.30/slf4j-api-1.7.30.jar:/Users/primalvincent/.m2/repository/org/slf4j/jcl-over-slf4j/1.7.30/jcl-over-slf4j-1.7.30.jar:/Users/primalvincent/.m2/repository/commons-codec/commons-codec/1.15/commons-codec-1.15.jar:/Users/primalvincent/.m2/repository/org/apache/commons/commons-collections4/4.4/commons-collections4-4.4.jar:/Users/primalvincent/.m2/repository/org/apache/commons/commons-math3/3.6.1/commons-math3-3.6.1.jar:/Users/primalvincent/.m2/repository/com/zaxxer/SparseBitSet/1.2/SparseBitSet-1.2.jar:/Users/primalvincent/.m2/repository/org/apache/poi/poi-ooxml/5.0.0/poi-ooxml-5.0.0.jar:/Users/primalvincent/.m2/repository/org/apache/poi/poi-ooxml-lite/5.0.0/poi-ooxml-lite-5.0.0.jar:/Users/primalvincent/.m2/repository/org/apache/xmlbeans/xmlbeans/4.0.0/xmlbeans-4.0.0.jar:/Users/primalvincent/.m2/repository/org/apache/commons/commons-compress/1.20/commons-compress-1.20.jar:/Users/primalvincent/.m2/repository/com/github/virtuald/curvesapi/1.06/curvesapi-1.06.jar:/Users/primalvincent/.m2/repository/org/bouncycastle/bcpkix-jdk15on/1.68/bcpkix-jdk15on-1.68.jar:/Users/primalvincent/.m2/repository/org/bouncycastle/bcprov-jdk15on/1.68/bcprov-jdk15on-1.68.jar:/Users/primalvincent/.m2/repository/org/apache/santuario/xmlsec/2.2.1/xmlsec-2.2.1.jar:/Users/primalvincent/.m2/repository/com/fasterxml/woodstox/woodstox-core/5.2.1/woodstox-core-5.2.1.jar:/Users/primalvincent/.m2/repository/org/codehaus/woodstox/stax2-api/4.2/stax2-api-4.2.jar:/Users/primalvincent/.m2/repository/jakarta/xml/bind/jakarta.xml.bind-api/2.3.2/jakarta.xml.bind-api-2.3.2.jar:/Users/primalvincent/.m2/repository/jakarta/activation/jakarta.activation-api/1.2.1/jakarta.activation-api-1.2.1.jar:/Users/primalvincent/.m2/repository/org/apache/xmlgraphics/batik-all/1.13/batik-all-1.13.jar:/Users/primalvincent/.m2/repository/org/apache/xmlgraphics/batik-anim/1.13/batik-anim-1.13.jar:/Users/primalvincent/.m2/repository/org/apache/xmlgraphics/batik-shared-resources/1.13/batik-shared-resources-1.13.jar:/Users/primalvincent/.m2/repository/xml-apis/xml-apis-ext/1.3.04/xml-apis-ext-1.3.04.jar:/Users/primalvincent/.m2/repository/org/apache/xmlgraphics/batik-awt-util/1.13/batik-awt-util-1.13.jar:/Users/primalvincent/.m2/repository/org/apache/xmlgraphics/xmlgraphics-commons/2.4/xmlgraphics-commons-2.4.jar:/Users/primalvincent/.m2/repository/org/apache/xmlgraphics/batik-bridge/1.13/batik-bridge-1.13.jar:/Users/primalvincent/.m2/repository/org/apache/xmlgraphics/batik-codec/1.13/batik-codec-1.13.jar:/Users/primalvincent/.m2/repository/org/apache/xmlgraphics/batik-constants/1.13/batik-constants-1.13.jar:/Users/primalvincent/.m2/repository/org/apache/xmlgraphics/batik-css/1.13/batik-css-1.13.jar:/Users/primalvincent/.m2/repository/org/apache/xmlgraphics/batik-dom/1.13/batik-dom-1.13.jar:/Users/primalvincent/.m2/repository/xalan/xalan/2.7.2/xalan-2.7.2.jar:/Users/primalvincent/.m2/repository/xalan/serializer/2.7.2/serializer-2.7.2.jar:/Users/primalvincent/.m2/repository/xml-apis/xml-apis/1.4.01/xml-apis-1.4.01.jar:/Users/primalvincent/.m2/repository/org/apache/xmlgraphics/batik-ext/1.13/batik-ext-1.13.jar:/Users/primalvincent/.m2/repository/org/apache/xmlgraphics/batik-extension/1.13/batik-extension-1.13.jar:/Users/primalvincent/.m2/repository/org/apache/xmlgraphics/batik-gui-util/1.13/batik-gui-util-1.13.jar:/Users/primalvincent/.m2/repository/org/apache/xmlgraphics/batik-gvt/1.13/batik-gvt-1.13.jar:/Users/primalvincent/.m2/repository/org/apache/xmlgraphics/batik-i18n/1.13/batik-i18n-1.13.jar:/Users/primalvincent/.m2/repository/org/apache/xmlgraphics/batik-parser/1.13/batik-parser-1.13.jar:/Users/primalvincent/.m2/repository/org/apache/xmlgraphics/batik-rasterizer-ext/1.13/batik-rasterizer-ext-1.13.jar:/Users/primalvincent/.m2/repository/org/apache/xmlgraphics/batik-rasterizer/1.13/batik-rasterizer-1.13.jar:/Users/primalvincent/.m2/repository/org/apache/xmlgraphics/batik-script/1.13/batik-script-1.13.jar:/Users/primalvincent/.m2/repository/org/apache/xmlgraphics/batik-slideshow/1.13/batik-slideshow-1.13.jar:/Users/primalvincent/.m2/repository/org/apache/xmlgraphics/batik-squiggle-ext/1.13/batik-squiggle-ext-1.13.jar:/Users/primalvincent/.m2/repository/org/apache/xmlgraphics/batik-squiggle/1.13/batik-squiggle-1.13.jar:/Users/primalvincent/.m2/repository/org/apache/xmlgraphics/batik-svg-dom/1.13/batik-svg-dom-1.13.jar:/Users/primalvincent/.m2/repository/org/apache/xmlgraphics/batik-svgbrowser/1.13/batik-svgbrowser-1.13.jar:/Users/primalvincent/.m2/repository/org/apache/xmlgraphics/batik-svggen/1.13/batik-svggen-1.13.jar:/Users/primalvincent/.m2/repository/org/apache/xmlgraphics/batik-svgpp/1.13/batik-svgpp-1.13.jar:/Users/primalvincent/.m2/repository/org/apache/xmlgraphics/batik-svgrasterizer/1.13/batik-svgrasterizer-1.13.jar:/Users/primalvincent/.m2/repository/org/apache/xmlgraphics/batik-swing/1.13/batik-swing-1.13.jar:/Users/primalvincent/.m2/repository/org/apache/xmlgraphics/batik-transcoder/1.13/batik-transcoder-1.13.jar:/Users/primalvincent/.m2/repository/org/apache/xmlgraphics/batik-util/1.13/batik-util-1.13.jar:/Users/primalvincent/.m2/repository/org/apache/xmlgraphics/batik-ttf2svg/1.13/batik-ttf2svg-1.13.jar:/Users/primalvincent/.m2/repository/org/apache/xmlgraphics/batik-xml/1.13/batik-xml-1.13.jar:/Users/primalvincent/.m2/repository/de/rototor/pdfbox/graphics2d/0.30/graphics2d-0.30.jar:/Users/primalvincent/.m2/repository/org/apache/pdfbox/pdfbox/2.0.22/pdfbox-2.0.22.jar:/Users/primalvincent/.m2/repository/org/apache/pdfbox/fontbox/2.0.22/fontbox-2.0.22.jar:/Users/primalvincent/.m2/repository/org/apache/logging/log4j/log4j-api/2.8.2/log4j-api-2.8.2.jar:/Users/primalvincent/.m2/repository/org/apache/logging/log4j/log4j-core/2.8.2/log4j-core-2.8.2.jar:"/>
    <property name="sun.cpu.endian" value="little"/>
    <property name="user.home" value="/Users/primalvincent"/>
    <property name="user.language" value="en"/>
    <property name="java.specification.vendor" value="Oracle Corporation"/>
    <property name="java.version.date" value="2020-01-14"/>
    <property name="java.home" value="/Library/Java/JavaVirtualMachines/jdk-13.0.2.jdk/Contents/Home"/>
    <property name="file.separator" value="/"/>
    <property name="basedir" value="/Users/primalvincent/Downloads/E2EProject"/>
    <property name="java.vm.compressedOopsMode" value="Zero based"/>
    <property name="line.separator" value="&#10;"/>
    <property name="java.specification.name" value="Java Platform API Specification"/>
    <property name="java.vm.specification.vendor" value="Oracle Corporation"/>
    <property name="surefire.real.class.path" value="/Users/primalvincent/Downloads/E2EProject/target/surefire/surefirebooter17328360234433035477.jar"/>
    <property name="sun.management.compiler" value="HotSpot 64-Bit Tiered Compilers"/>
    <property name="ftp.nonProxyHosts" value="local|*.local|169.254/16|*.169.254/16"/>
    <property name="java.runtime.version" value="13.0.2+8"/>
    <property name="user.name" value="primalvincent"/>
    <property name="path.separator" value=":"/>
    <property name="os.version" value="10.16"/>
    <property name="java.runtime.name" value="Java(TM) SE Runtime Environment"/>
    <property name="file.encoding" value="UTF-8"/>
    <property name="java.vm.name" value="Java HotSpot(TM) 64-Bit Server VM"/>
    <property name="localRepository" value="/Users/primalvincent/.m2/repository"/>
    <property name="java.vendor.url.bug" value="https://bugreport.java.com/bugreport/"/>
    <property name="java.io.tmpdir" value="/var/folders/_y/336dybqj3k56tx67d3_r31yc0000gn/T/"/>
    <property name="java.version" value="13.0.2"/>
    <property name="user.dir" value="/Users/primalvincent/Downloads/E2EProject"/>
    <property name="os.arch" value="x86_64"/>
    <property name="java.vm.specification.name" value="Java Virtual Machine Specification"/>
    <property name="java.library.path" value="/Users/primalvincent/Library/Java/Extensions:/Library/Java/Extensions:/Network/Library/Java/Extensions:/System/Library/Java/Extensions:/usr/lib/java:."/>
    <property name="java.vm.info" value="mixed mode, sharing"/>
    <property name="java.vendor" value="Oracle Corporation"/>
    <property name="java.vm.version" value="13.0.2+8"/>
    <property name="sun.io.unicode.encoding" value="UnicodeBig"/>
    <property name="socksNonProxyHosts" value="local|*.local|169.254/16|*.169.254/16"/>
    <property name="java.class.version" value="57.0"/>
  </properties>
  <testcase name="basePageNavigation[, 85023, Primal, Vincent, 05/25/1985, yes, 1952 W Tracy Ln, Phoenix](1)" classname="qa.HomePage" time="128.72">
    <failure message="element click intercepted: Element is not clickable at point (489, 726)&#10;  (Session info: chrome=90.0.4430.85)&#10;Build info: version: &apos;3.141.59&apos;, revision: &apos;e82be7d358&apos;, time: &apos;2018-11-14T08:17:03&apos;&#10;System info: host: &apos;Primals-MacBook-Pro.local&apos;, ip: &apos;2600:8800:b80:3d60:7970:936:6e2e:50b4%en0&apos;, os.name: &apos;Mac OS X&apos;, os.arch: &apos;x86_64&apos;, os.version: &apos;10.16&apos;, java.version: &apos;13.0.2&apos;&#10;Driver info: org.openqa.selenium.chrome.ChromeDriver&#10;Capabilities {acceptInsecureCerts: false, browserName: chrome, browserVersion: 90.0.4430.85, chrome: {chromedriverVersion: 90.0.4430.24 (4c6d850f087da..., userDataDir: /var/folders/_y/336dybqj3k5...}, goog:chromeOptions: {debuggerAddress: localhost:56181}, javascriptEnabled: true, networkConnectionEnabled: false, pageLoadStrategy: normal, platform: MAC, platformName: MAC, proxy: Proxy(), setWindowRect: true, strictFileInteractability: false, timeouts: {implicit: 0, pageLoad: 300000, script: 30000}, unhandledPromptBehavior: dismiss and notify, webauthn:extension:largeBlob: true, webauthn:virtualAuthenticators: true}&#10;Session ID: f05fbe368065d7714895633b3514291b" type="org.openqa.selenium.ElementClickInterceptedException"><![CDATA[org.openqa.selenium.ElementClickInterceptedException: 
element click intercepted: Element is not clickable at point (489, 726)
  (Session info: chrome=90.0.4430.85)
Build info: version: '3.141.59', revision: 'e82be7d358', time: '2018-11-14T08:17:03'
System info: host: 'Primals-MacBook-Pro.local', ip: '2600:8800:b80:3d60:7970:936:6e2e:50b4%en0', os.name: 'Mac OS X', os.arch: 'x86_64', os.version: '10.16', java.version: '13.0.2'
Driver info: org.openqa.selenium.chrome.ChromeDriver
Capabilities {acceptInsecureCerts: false, browserName: chrome, browserVersion: 90.0.4430.85, chrome: {chromedriverVersion: 90.0.4430.24 (4c6d850f087da..., userDataDir: /var/folders/_y/336dybqj3k5...}, goog:chromeOptions: {debuggerAddress: localhost:56181}, javascriptEnabled: true, networkConnectionEnabled: false, pageLoadStrategy: normal, platform: MAC, platformName: MAC, proxy: Proxy(), setWindowRect: true, strictFileInteractability: false, timeouts: {implicit: 0, pageLoad: 300000, script: 30000}, unhandledPromptBehavior: dismiss and notify, webauthn:extension:largeBlob: true, webauthn:virtualAuthenticators: true}
Session ID: f05fbe368065d7714895633b3514291b
	at qa.HomePage.basePageNavigation(HomePage.java:62)
]]></failure>
    <system-out><![CDATA[chrome
]]></system-out>
    <system-err><![CDATA[Starting ChromeDriver 90.0.4430.24 (4c6d850f087da467d926e8eddb76550aed655991-refs/branch-heads/4430@{#429}) on port 13913
Only local connections are allowed.
Please see https://chromedriver.chromium.org/security-considerations for suggestions on keeping ChromeDriver safe.
ChromeDriver was started successfully.
Apr 22, 2021 9:56:03 AM org.openqa.selenium.remote.ProtocolHandshake createSession
INFO: Detected dialect: W3C
]]></system-err>
  </testcase>
  <testcase name="basePageNavigation[null, null, null, null, null, null, null, null](2)" classname="qa.HomePage" time="62.64">
    <failure message="Keys to send should be a not null CharSequence" type="java.lang.IllegalArgumentException"><![CDATA[java.lang.IllegalArgumentException: Keys to send should be a not null CharSequence
	at qa.HomePage.basePageNavigation(HomePage.java:45)
]]></failure>
  </testcase>
</testsuite>